app/build/intermediates/manifest_merge_blame_file/debug/manifest-merger-blame-debug-report.txt
1<?xml version="1.0" encoding="utf-8"?>
2<manifest xmlns:android="http://schemas.android.com/apk/res/android"
3    package="com.example.peerchat"
4    android:versionCode="1"
5    android:versionName="1.0" >
6
7    <uses-sdk
8        android:minSdkVersion="28"
8-->src\main\AndroidManifest.xml
9        android:targetSdkVersion="30" />
9-->src\main\AndroidManifest.xml
10
11    <uses-permission android:name="android.permission.ACCESS_FINE_LOCATION" />
11-->src\main\AndroidManifest.xml:5:5-79
11-->src\main\AndroidManifest.xml:5:22-76
12    <uses-permission android:name="android.permission.ACCESS_WIFI_STATE" />
12-->src\main\AndroidManifest.xml:6:5-75
12-->src\main\AndroidManifest.xml:6:22-73
13    <uses-permission android:name="android.permission.CHANGE_WIFI_STATE" />
13-->src\main\AndroidManifest.xml:7:5-75
13-->src\main\AndroidManifest.xml:7:22-73
14    <uses-permission android:name="android.permission.CHANGE_NETWORK_STATE" />
14-->src\main\AndroidManifest.xml:8:5-78
14-->src\main\AndroidManifest.xml:8:22-76
15    <uses-permission android:name="android.permission.INTERNET" />
15-->src\main\AndroidManifest.xml:9:5-66
15-->src\main\AndroidManifest.xml:9:22-64
16    <uses-permission android:name="android.permission.ACCESS_NETWORK_STATE" />
16-->src\main\AndroidManifest.xml:10:5-78
16-->src\main\AndroidManifest.xml:10:22-76
17
18    <uses-feature
18-->src\main\AndroidManifest.xml:12:5-14:35
19        android:name="android.hardware.camera.any"
19-->src\main\AndroidManifest.xml:13:9-51
20        android:required="true" />
20-->src\main\AndroidManifest.xml:14:9-32
21    <uses-feature
21-->src\main\AndroidManifest.xml:15:5-17:36
22        android:name="android.hardware.camera.autofocus"
22-->src\main\AndroidManifest.xml:16:9-57
23        android:required="false" />
23-->src\main\AndroidManifest.xml:17:9-33
24
25    <uses-permission android:name="android.permission.CAMERA" />
25-->[ly.img.android.sdk.ui.mobile_ui:camera:8.1.2] AndroidManifest.xml:25:5-65
25-->[ly.img.android.sdk.ui.mobile_ui:camera:8.1.2] AndroidManifest.xml:25:22-62
26
27    <uses-feature
27-->[ly.img.android.sdk.ui.mobile_ui:camera:8.1.2] AndroidManifest.xml:27:5-29:36
28        android:name="android.hardware.camera"
28-->[ly.img.android.sdk.ui.mobile_ui:camera:8.1.2] AndroidManifest.xml:28:9-47
29        android:required="false" />
29-->[ly.img.android.sdk.ui.mobile_ui:camera:8.1.2] AndroidManifest.xml:29:9-33
30    <uses-feature
30-->[ly.img.android.sdk.ui.mobile_ui:photo-main:8.1.2] AndroidManifest.xml:25:5-27:35
31        android:glEsVersion="0x00020000"
31-->[ly.img.android.sdk.ui.mobile_ui:photo-main:8.1.2] AndroidManifest.xml:26:9-41
32        android:required="true" />
32-->[ly.img.android.sdk.ui.mobile_ui:photo-main:8.1.2] AndroidManifest.xml:27:9-32
33
34    <uses-permission android:name="android.permission.WRITE_EXTERNAL_STORAGE" />
34-->[ly.img.android.sdk.assets:font-shared:8.1.2] AndroidManifest.xml:25:5-81
34-->[ly.img.android.sdk.assets:font-shared:8.1.2] AndroidManifest.xml:25:22-78
35    <uses-permission android:name="android.permission.READ_EXTERNAL_STORAGE" />
35-->[ly.img.android.sdk.assets:font-shared:8.1.2] AndroidManifest.xml:26:5-80
35-->[ly.img.android.sdk.assets:font-shared:8.1.2] AndroidManifest.xml:26:22-77
36
37    <application
37-->src\main\AndroidManifest.xml:19:5-49:19
38        android:allowBackup="true"
38-->src\main\AndroidManifest.xml:20:9-35
39        android:appComponentFactory="androidx.core.app.CoreComponentFactory"
39-->[androidx.core:core:1.3.1] AndroidManifest.xml:24:18-86
40        android:debuggable="true"
41        android:extractNativeLibs="false"
42        android:icon="@mipmap/ic_launcher"
42-->src\main\AndroidManifest.xml:21:9-43
43        android:label="@string/app_name"
43-->src\main\AndroidManifest.xml:22:9-41
44        android:largeHeap="true"
44-->[ly.img.android.sdk.ui.mobile_ui:camera:8.1.2] AndroidManifest.xml:31:18-42
45        android:roundIcon="@mipmap/ic_launcher_round"
45-->src\main\AndroidManifest.xml:23:9-54
46        android:supportsRtl="true"
46-->src\main\AndroidManifest.xml:24:9-35
47        android:testOnly="true"
48        android:theme="@style/Theme.PeerChat" >
48-->src\main\AndroidManifest.xml:25:9-46
49        <activity
49-->src\main\AndroidManifest.xml:26:9-28:20
50            android:name="com.example.peerchat.AvatarFragment"
50-->src\main\AndroidManifest.xml:26:19-49
51            android:theme="@style/Theme.AppCompat.NoActionBar" >
51-->src\main\AndroidManifest.xml:27:13-63
52        </activity>
53        <activity
53-->src\main\AndroidManifest.xml:30:9-32:66
54            android:name="com.example.peerchat.ImageEditor"
54-->src\main\AndroidManifest.xml:31:13-40
55            android:theme="@style/Theme.AppCompat.NoActionBar" />
55-->src\main\AndroidManifest.xml:32:13-63
56        <activity
56-->src\main\AndroidManifest.xml:34:9-38:64
57            android:name="com.example.peerchat.MainScreen"
57-->src\main\AndroidManifest.xml:35:13-39
58            android:configChanges="orientation|keyboardHidden|screenSize"
58-->src\main\AndroidManifest.xml:36:13-74
59            android:label="@string/title_activity_main_screen"
59-->src\main\AndroidManifest.xml:37:13-63
60            android:theme="@style/Theme.PeerChat.Fullscreen" />
60-->src\main\AndroidManifest.xml:38:13-61
61        <activity
61-->src\main\AndroidManifest.xml:39:9-47:20
62            android:name="com.example.peerchat.MainActivity"
62-->src\main\AndroidManifest.xml:40:13-41
63            android:theme="@style/Theme.AppCompat.NoActionBar" >
63-->src\main\AndroidManifest.xml:41:13-63
64            <intent-filter>
64-->src\main\AndroidManifest.xml:42:13-46:29
65                <action android:name="android.intent.action.MAIN" />
65-->src\main\AndroidManifest.xml:43:17-69
65-->src\main\AndroidManifest.xml:43:25-66
66
67                <category android:name="android.intent.category.LAUNCHER" />
67-->src\main\AndroidManifest.xml:45:17-77
67-->src\main\AndroidManifest.xml:45:27-74
68            </intent-filter>
69        </activity>
70        <activity
70-->[ly.img.android.sdk.ui.mobile_ui:camera:8.1.2] AndroidManifest.xml:32:9-39:20
71            android:name="ly.img.android.pesdk.ui.activity.CameraPreviewActivity"
71-->[ly.img.android.sdk.ui.mobile_ui:camera:8.1.2] AndroidManifest.xml:33:13-82
72            android:exported="true"
72-->[ly.img.android.sdk.ui.mobile_ui:camera:8.1.2] AndroidManifest.xml:34:13-36
73            android:hardwareAccelerated="true"
73-->[ly.img.android.sdk.ui.mobile_ui:camera:8.1.2] AndroidManifest.xml:35:13-47
74            android:label="@string/app_name"
74-->[ly.img.android.sdk.ui.mobile_ui:camera:8.1.2] AndroidManifest.xml:36:13-45
75            android:screenOrientation="portrait"
75-->[ly.img.android.sdk.ui.mobile_ui:camera:8.1.2] AndroidManifest.xml:37:13-49
76            android:theme="@android:style/Theme.NoTitleBar.Fullscreen" >
76-->[ly.img.android.sdk.ui.mobile_ui:camera:8.1.2] AndroidManifest.xml:38:13-71
77        </activity>
78        <activity
78-->[ly.img.android.sdk.ui.mobile_ui:photo-main:8.1.2] AndroidManifest.xml:30:9-39:20
79            android:name="ly.img.android.pesdk.ui.activity.PhotoEditorActivity"
79-->[ly.img.android.sdk.ui.mobile_ui:photo-main:8.1.2] AndroidManifest.xml:31:13-80
80            android:configChanges="keyboard|keyboardHidden|screenSize"
80-->[ly.img.android.sdk.ui.mobile_ui:photo-main:8.1.2] AndroidManifest.xml:32:13-71
81            android:exported="true"
81-->[ly.img.android.sdk.ui.mobile_ui:photo-main:8.1.2] AndroidManifest.xml:33:13-36
82            android:hardwareAccelerated="true"
82-->[ly.img.android.sdk.ui.mobile_ui:photo-main:8.1.2] AndroidManifest.xml:34:13-47
83            android:label="@string/app_name"
83-->[ly.img.android.sdk.ui.mobile_ui:photo-main:8.1.2] AndroidManifest.xml:35:13-45
84            android:screenOrientation="portrait"
84-->[ly.img.android.sdk.ui.mobile_ui:photo-main:8.1.2] AndroidManifest.xml:36:13-49
85            android:theme="@android:style/Theme.NoTitleBar.Fullscreen"
85-->[ly.img.android.sdk.ui.mobile_ui:photo-main:8.1.2] AndroidManifest.xml:37:13-71
86            android:windowSoftInputMode="adjustPan" >
86-->[ly.img.android.sdk.ui.mobile_ui:photo-main:8.1.2] AndroidManifest.xml:38:13-52
87        </activity>
88        <activity
88-->[ly.img.android.sdk.ui.mobile_ui:all:8.1.2] AndroidManifest.xml:35:9-44:20
89            android:name="ly.img.android.pesdk.ui.activity.EditorActivity"
89-->[ly.img.android.sdk.ui.mobile_ui:all:8.1.2] AndroidManifest.xml:36:13-75
90            android:configChanges="keyboard|keyboardHidden|screenSize"
90-->[ly.img.android.sdk.ui.mobile_ui:all:8.1.2] AndroidManifest.xml:37:13-71
91            android:exported="true"
91-->[ly.img.android.sdk.ui.mobile_ui:all:8.1.2] AndroidManifest.xml:38:13-36
92            android:hardwareAccelerated="true"
92-->[ly.img.android.sdk.ui.mobile_ui:all:8.1.2] AndroidManifest.xml:39:13-47
93            android:label="@string/app_name"
93-->[ly.img.android.sdk.ui.mobile_ui:all:8.1.2] AndroidManifest.xml:40:13-45
94            android:screenOrientation="portrait"
94-->[ly.img.android.sdk.ui.mobile_ui:all:8.1.2] AndroidManifest.xml:41:13-49
95            android:theme="@android:style/Theme.NoTitleBar.Fullscreen"
95-->[ly.img.android.sdk.ui.mobile_ui:all:8.1.2] AndroidManifest.xml:42:13-71
96            android:windowSoftInputMode="adjustPan" >
96-->[ly.img.android.sdk.ui.mobile_ui:all:8.1.2] AndroidManifest.xml:43:13-52
97        </activity>
98
99        <provider
99-->[ly.img.android.sdk:core:8.1.2] AndroidManifest.xml:19:9-23:40
100            android:name="ly.img.android.IMGLYAutoInit"
100-->[ly.img.android.sdk:core:8.1.2] AndroidManifest.xml:20:13-56
101            android:authorities="com.example.peerchat.IMGLYAutoInit"
101-->[ly.img.android.sdk:core:8.1.2] AndroidManifest.xml:21:13-65
102            android:enabled="true"
102-->[ly.img.android.sdk:core:8.1.2] AndroidManifest.xml:22:13-35
103            android:exported="false" />
103-->[ly.img.android.sdk:core:8.1.2] AndroidManifest.xml:23:13-37
104    </application>
105
106</manifest>